[30;43mNo composer.lock file present. Updating dependencies to latest instead of installing from lock file. See https://getcomposer.org/install for more information.[39;49m
[32mLoading composer repositories with package information[39m
[32mRestricting packages listed in "symfony/symfony" to "^7.3"[39m
[32mUpdating dependencies[39m
[32mLock file operations: 93 installs, 0 updates, 0 removals[39m
  - Locking [32mdoctrine/collections[39m ([33m2.6.0[39m)
  - Locking [32mdoctrine/data-fixtures[39m ([33m2.2.0[39m)
  - Locking [32mdoctrine/dbal[39m ([33m4.4.2[39m)
  - Locking [32mdoctrine/deprecations[39m ([33m1.1.6[39m)
  - Locking [32mdoctrine/doctrine-bundle[39m ([33m2.18.2[39m)
  - Locking [32mdoctrine/doctrine-fixtures-bundle[39m ([33m3.7.3[39m)
  - Locking [32mdoctrine/doctrine-migrations-bundle[39m ([33m3.7.0[39m)
  - Locking [32mdoctrine/event-manager[39m ([33m2.1.1[39m)
  - Locking [32mdoctrine/inflector[39m ([33m2.1.0[39m)
  - Locking [32mdoctrine/instantiator[39m ([33m2.1.0[39m)
  - Locking [32mdoctrine/lexer[39m ([33m3.0.1[39m)
  - Locking [32mdoctrine/migrations[39m ([33m3.9.6[39m)
  - Locking [32mdoctrine/orm[39m ([33m3.6.2[39m)
  - Locking [32mdoctrine/persistence[39m ([33m4.1.1[39m)
  - Locking [32mdoctrine/sql-formatter[39m ([33m1.5.4[39m)
  - Locking [32mmasterminds/html5[39m ([33m2.10.0[39m)
  - Locking [32mmonolog/monolog[39m ([33m3.10.0[39m)
  - Locking [32mmyclabs/deep-copy[39m ([33m1.13.4[39m)
  - Locking [32mnikic/php-parser[39m ([33mv5.7.0[39m)
  - Locking [32mphar-io/manifest[39m ([33m2.0.4[39m)
  - Locking [32mphar-io/version[39m ([33m3.2.1[39m)
  - Locking [32mphpunit/php-code-coverage[39m ([33m11.0.12[39m)
  - Locking [32mphpunit/php-file-iterator[39m ([33m5.1.1[39m)
  - Locking [32mphpunit/php-invoker[39m ([33m5.0.1[39m)
  - Locking [32mphpunit/php-text-template[39m ([33m4.0.1[39m)
  - Locking [32mphpunit/php-timer[39m ([33m7.0.1[39m)
  - Locking [32mphpunit/phpunit[39m ([33m11.5.55[39m)
  - Locking [32mpsr/cache[39m ([33m3.0.0[39m)
  - Locking [32mpsr/container[39m ([33m2.0.2[39m)
  - Locking [32mpsr/event-dispatcher[39m ([33m1.0.0[39m)
  - Locking [32mpsr/log[39m ([33m3.0.2[39m)
  - Locking [32msebastian/cli-parser[39m ([33m3.0.2[39m)
  - Locking [32msebastian/code-unit[39m ([33m3.0.3[39m)
  - Locking [32msebastian/code-unit-reverse-lookup[39m ([33m4.0.1[39m)
  - Locking [32msebastian/comparator[39m ([33m6.3.3[39m)
  - Locking [32msebastian/complexity[39m ([33m4.0.1[39m)
  - Locking [32msebastian/diff[39m ([33m6.0.2[39m)
  - Locking [32msebastian/environment[39m ([33m7.2.1[39m)
  - Locking [32msebastian/exporter[39m ([33m6.3.2[39m)
  - Locking [32msebastian/global-state[39m ([33m7.0.2[39m)
  - Locking [32msebastian/lines-of-code[39m ([33m3.0.1[39m)
  - Locking [32msebastian/object-enumerator[39m ([33m6.0.1[39m)
  - Locking [32msebastian/object-reflector[39m ([33m4.0.1[39m)
  - Locking [32msebastian/recursion-context[39m ([33m6.0.3[39m)
  - Locking [32msebastian/type[39m ([33m5.1.3[39m)
  - Locking [32msebastian/version[39m ([33m5.0.2[39m)
  - Locking [32mstaabm/side-effects-detector[39m ([33m1.0.5[39m)
  - Locking [32msymfony/browser-kit[39m ([33mv7.4.4[39m)
  - Locking [32msymfony/cache[39m ([33mv7.4.7[39m)
  - Locking [32msymfony/cache-contracts[39m ([33mv3.6.0[39m)
  - Locking [32msymfony/config[39m ([33mv7.4.7[39m)
  - Locking [32msymfony/console[39m ([33mv7.4.7[39m)
  - Locking [32msymfony/css-selector[39m ([33mv7.4.6[39m)
  - Locking [32msymfony/dependency-injection[39m ([33mv7.4.7[39m)
  - Locking [32msymfony/deprecation-contracts[39m ([33mv3.6.0[39m)
  - Locking [32msymfony/doctrine-bridge[39m ([33mv7.4.7[39m)
  - Locking [32msymfony/dom-crawler[39m ([33mv7.4.6[39m)
  - Locking [32msymfony/dotenv[39m ([33mv7.4.7[39m)
  - Locking [32msymfony/error-handler[39m ([33mv7.4.4[39m)
  - Locking [32msymfony/event-dispatcher[39m ([33mv7.4.4[39m)
  - Locking [32msymfony/event-dispatcher-contracts[39m ([33mv3.6.0[39m)
  - Locking [32msymfony/filesystem[39m ([33mv7.4.6[39m)
  - Locking [32msymfony/finder[39m ([33mv7.4.6[39m)
  - Locking [32msymfony/flex[39m ([33mv2.10.0[39m)
  - Locking [32msymfony/framework-bundle[39m ([33mv7.4.7[39m)
  - Locking [32msymfony/http-foundation[39m ([33mv7.4.7[39m)
  - Locking [32msymfony/http-kernel[39m ([33mv7.4.7[39m)
  - Locking [32msymfony/maker-bundle[39m ([33mv1.66.0[39m)
  - Locking [32msymfony/monolog-bridge[39m ([33mv7.4.6[39m)
  - Locking [32msymfony/monolog-bundle[39m ([33mv3.11.1[39m)
  - Locking [32msymfony/phpunit-bridge[39m ([33mv7.4.7[39m)
  - Locking [32msymfony/polyfill-ctype[39m ([33mv1.33.0[39m)
  - Locking [32msymfony/polyfill-intl-grapheme[39m ([33mv1.33.0[39m)
  - Locking [32msymfony/polyfill-intl-normalizer[39m ([33mv1.33.0[39m)
  - Locking [32msymfony/polyfill-mbstring[39m ([33mv1.33.0[39m)
  - Locking [32msymfony/polyfill-php84[39m ([33mv1.33.0[39m)
  - Locking [32msymfony/polyfill-php85[39m ([33mv1.33.0[39m)
  - Locking [32msymfony/process[39m ([33mv7.4.5[39m)
  - Locking [32msymfony/routing[39m ([33mv7.4.6[39m)
  - Locking [32msymfony/runtime[39m ([33mv7.4.1[39m)
  - Locking [32msymfony/service-contracts[39m ([33mv3.6.1[39m)
  - Locking [32msymfony/stopwatch[39m ([33mv7.4.0[39m)
  - Locking [32msymfony/string[39m ([33mv7.4.6[39m)
  - Locking [32msymfony/test-pack[39m ([33mv1.2.0[39m)
  - Locking [32msymfony/translation-contracts[39m ([33mv3.6.1[39m)
  - Locking [32msymfony/twig-bridge[39m ([33mv7.4.7[39m)
  - Locking [32msymfony/twig-bundle[39m ([33mv7.4.4[39m)
  - Locking [32msymfony/var-dumper[39m ([33mv7.4.6[39m)
  - Locking [32msymfony/var-exporter[39m ([33mv7.4.0[39m)
  - Locking [32msymfony/web-profiler-bundle[39m ([33mv7.4.7[39m)
  - Locking [32msymfony/yaml[39m ([33mv7.4.6[39m)
  - Locking [32mtheseer/tokenizer[39m ([33m1.3.1[39m)
  - Locking [32mtwig/twig[39m ([33mv3.24.0[39m)
[32mWriting lock file[39m
[32mInstalling dependencies from lock file (including require-dev)[39m
[32mPackage operations: 1 install, 1 update, 0 removals[39m
  - Downloading [32mtwig/twig[39m ([33mv3.24.0[39m)
 0/1 [>---------------------------]   0%[1G[2K 1/1 [============================] 100%[1G[2K  - Installing [32msymfony/test-pack[39m ([33mv1.2.0[39m)
  - Upgrading [32mtwig/twig[39m ([33mv3.23.0[39m => [33mv3.24.0[39m): Extracting archive
 0/1 [>---------------------------]   0%[1G[2K 1/1 [============================] 100%[1G[2K[32mGenerating autoload files[39m
[32m83 packages you are using are looking for funding.[39m
[32mUse the `composer fund` command to find out more![39m

[32mSymfony operations: 14 recipes (0924d8f07d7d191d4ebe33aa8d04fe80)[39m
  - Configuring [32msymfony/flex[39m ([33m>=2.4[39m): From github.com/symfony/recipes:main
  - Configuring [32msymfony/framework-bundle[39m ([33m>=7.4[39m): From github.com/symfony/recipes:main
  - Configuring [32msymfony/console[39m ([33m>=5.3[39m): From github.com/symfony/recipes:main
  - Configuring [32mdoctrine/deprecations[39m ([33m>=1.0[39m): From github.com/symfony/recipes:main
  - Configuring [32msymfony/routing[39m ([33m>=7.4[39m): From github.com/symfony/recipes:main
  - Configuring [32mdoctrine/doctrine-bundle[39m ([33m>=2.13[39m): From github.com/symfony/recipes:main
  - [30;43m WARNING [39;49m [32mdoctrine/doctrine-bundle[39m ([33m>=2.13[39m): From github.com/symfony/recipes:main
    The recipe for this package contains some Docker configuration.

    This may create/update [33mcompose.yaml[39m or update [33mDockerfile[39m (if it exists).

    Do you want to include Docker configuration from recipes?
    [[33my[39m] Yes
    [[33mn[39m] No
    [[33mp[39m] Yes permanently, never ask again for this project
    [[33mx[39m] No permanently, never ask again for this project
    (defaults to [33my[39m): [37;41mInvalid choice.[39;49m
    The recipe for this package contains some Docker configuration.

    This may create/update [33mcompose.yaml[39m or update [33mDockerfile[39m (if it exists).

    Do you want to include Docker configuration from recipes?
    [[33my[39m] Yes
    [[33mn[39m] No
    [[33mp[39m] Yes permanently, never ask again for this project
    [[33mx[39m] No permanently, never ask again for this project
    (defaults to [33my[39m):   - Configuring [32mdoctrine/doctrine-fixtures-bundle[39m ([33m>=3.0[39m): From github.com/symfony/recipes:main
  - Configuring [32mdoctrine/doctrine-migrations-bundle[39m ([33m>=3.1[39m): From github.com/symfony/recipes:main
  - Configuring [32msymfony/maker-bundle[39m ([33m>=1.0[39m): From github.com/symfony/recipes:main
  - Configuring [32msymfony/monolog-bundle[39m ([33m>=3.7[39m): From github.com/symfony/recipes:main
  - Configuring [32msymfony/phpunit-bridge[39m ([33m>=7.3[39m): From github.com/symfony/recipes:main
  - Configuring [32mphpunit/phpunit[39m ([33m>=11.1[39m): From github.com/symfony/recipes:main
  - Configuring [32msymfony/twig-bundle[39m ([33m>=6.4[39m): From github.com/symfony/recipes:main
  - Configuring [32msymfony/web-profiler-bundle[39m ([33m>=7.3[39m): From github.com/symfony/recipes:main
  - Unpacked [32msymfony/test-pack[39m
Executing script cache:clear [32m[OK][39m
Executing script assets:install public [32m[OK][39m
